<?xml version="1.0" encoding="UTF-8"?>
<testng-results skipped="0" failed="0" ignored="0" total="1" passed="1">
  <reporter-output>
  </reporter-output>
  <suite name="Siddhi-Execution-BNY-Test-Suite" duration-ms="1515" started-at="2018-11-29T18:38:40Z" finished-at="2018-11-29T18:38:42Z">
    <groups>
    </groups>
    <test name="Siddhi-execution-bny-tests" duration-ms="1515" started-at="2018-11-29T18:38:40Z" finished-at="2018-11-29T18:38:42Z">
      <class name="org.wso2.extension.siddhi.execution.bny.streamprocessor.TestCaseOfBNYStreamProcessor">
        <test-method status="PASS" signature="testCreateFromJSONFunctionExtension()[pri:0, instance:org.wso2.extension.siddhi.execution.bny.streamprocessor.TestCaseOfBNYStreamProcessor@383790cf]" name="testCreateFromJSONFunctionExtension" duration-ms="1460" started-at="2018-11-30T00:08:40Z" finished-at="2018-11-30T00:08:42Z">
          <reporter-output>
          </reporter-output>
        </test-method> <!-- testCreateFromJSONFunctionExtension -->
      </class> <!-- org.wso2.extension.siddhi.execution.bny.streamprocessor.TestCaseOfBNYStreamProcessor -->
    </test> <!-- Siddhi-execution-bny-tests -->
  </suite> <!-- Siddhi-Execution-BNY-Test-Suite -->
</testng-results>
